#! /c/Source/iverilog-install/bin/vvp
:ivl_version "12.0 (devel)" "(s20150603-1110-g18392a46)";
:ivl_delay_selection "TYPICAL";
:vpi_time_precision + 0;
:vpi_module "C:\iverilog\lib\ivl\system.vpi";
:vpi_module "C:\iverilog\lib\ivl\vhdl_sys.vpi";
:vpi_module "C:\iverilog\lib\ivl\vhdl_textio.vpi";
:vpi_module "C:\iverilog\lib\ivl\v2005_math.vpi";
:vpi_module "C:\iverilog\lib\ivl\va_math.vpi";
S_00000160f5db6d50 .scope module, "multiplexer2" "multiplexer2" 2 1;
 .timescale 0 0;
v00000160f5d92ec0_0 .net "dd", 63 0, L_00000160f5db6950;  1 drivers
v00000160f5d92f60_0 .var "s0", 0 0;
v00000160f5d93000_0 .var "x0", 63 0;
v00000160f5dc2230_0 .var "y0", 63 0;
S_00000160f5db6ee0 .scope module, "s" "multiplexer" 2 31, 3 1 0, S_00000160f5db6d50;
 .timescale 0 0;
    .port_info 0 /INPUT 64 "x";
    .port_info 1 /INPUT 64 "y";
    .port_info 2 /INPUT 1 "s";
    .port_info 3 /OUTPUT 64 "d";
P_00000160f5dc7e70 .param/l "WIDTH" 0 3 2, +C4<00000000000000000000000001000000>;
L_00000160f5db64f0 .functor NOT 1, v00000160f5d92f60_0, C4<0>, C4<0>, C4<0>;
L_00000160f5db6560 .functor AND 64, v00000160f5d93000_0, L_00000160f5dc27d0, C4<1111111111111111111111111111111111111111111111111111111111111111>, C4<1111111111111111111111111111111111111111111111111111111111111111>;
L_00000160f5db6870 .functor AND 64, v00000160f5dc2230_0, L_00000160f5dc2f50, C4<1111111111111111111111111111111111111111111111111111111111111111>, C4<1111111111111111111111111111111111111111111111111111111111111111>;
L_00000160f5db6950 .functor XOR 64, L_00000160f5db6560, L_00000160f5db6870, C4<0000000000000000000000000000000000000000000000000000000000000000>, C4<0000000000000000000000000000000000000000000000000000000000000000>;
v00000160f5d93530_0 .net *"_ivl_0", 0 0, L_00000160f5db64f0;  1 drivers
v00000160f5dc6250_0 .net *"_ivl_2", 63 0, L_00000160f5dc27d0;  1 drivers
v00000160f5d7ca70_0 .net *"_ivl_4", 63 0, L_00000160f5db6560;  1 drivers
v00000160f5d7c730_0 .net *"_ivl_6", 63 0, L_00000160f5dc2f50;  1 drivers
v00000160f5db73f0_0 .net *"_ivl_8", 63 0, L_00000160f5db6870;  1 drivers
v00000160f5db7490_0 .net "d", 63 0, L_00000160f5db6950;  alias, 1 drivers
v00000160f5d92ce0_0 .net "s", 0 0, v00000160f5d92f60_0;  1 drivers
v00000160f5d92d80_0 .net "x", 63 0, v00000160f5d93000_0;  1 drivers
v00000160f5d92e20_0 .net "y", 63 0, v00000160f5dc2230_0;  1 drivers
LS_00000160f5dc27d0_0_0 .concat [ 1 1 1 1], L_00000160f5db64f0, L_00000160f5db64f0, L_00000160f5db64f0, L_00000160f5db64f0;
LS_00000160f5dc27d0_0_4 .concat [ 1 1 1 1], L_00000160f5db64f0, L_00000160f5db64f0, L_00000160f5db64f0, L_00000160f5db64f0;
LS_00000160f5dc27d0_0_8 .concat [ 1 1 1 1], L_00000160f5db64f0, L_00000160f5db64f0, L_00000160f5db64f0, L_00000160f5db64f0;
LS_00000160f5dc27d0_0_12 .concat [ 1 1 1 1], L_00000160f5db64f0, L_00000160f5db64f0, L_00000160f5db64f0, L_00000160f5db64f0;
LS_00000160f5dc27d0_0_16 .concat [ 1 1 1 1], L_00000160f5db64f0, L_00000160f5db64f0, L_00000160f5db64f0, L_00000160f5db64f0;
LS_00000160f5dc27d0_0_20 .concat [ 1 1 1 1], L_00000160f5db64f0, L_00000160f5db64f0, L_00000160f5db64f0, L_00000160f5db64f0;
LS_00000160f5dc27d0_0_24 .concat [ 1 1 1 1], L_00000160f5db64f0, L_00000160f5db64f0, L_00000160f5db64f0, L_00000160f5db64f0;
LS_00000160f5dc27d0_0_28 .concat [ 1 1 1 1], L_00000160f5db64f0, L_00000160f5db64f0, L_00000160f5db64f0, L_00000160f5db64f0;
LS_00000160f5dc27d0_0_32 .concat [ 1 1 1 1], L_00000160f5db64f0, L_00000160f5db64f0, L_00000160f5db64f0, L_00000160f5db64f0;
LS_00000160f5dc27d0_0_36 .concat [ 1 1 1 1], L_00000160f5db64f0, L_00000160f5db64f0, L_00000160f5db64f0, L_00000160f5db64f0;
LS_00000160f5dc27d0_0_40 .concat [ 1 1 1 1], L_00000160f5db64f0, L_00000160f5db64f0, L_00000160f5db64f0, L_00000160f5db64f0;
LS_00000160f5dc27d0_0_44 .concat [ 1 1 1 1], L_00000160f5db64f0, L_00000160f5db64f0, L_00000160f5db64f0, L_00000160f5db64f0;
LS_00000160f5dc27d0_0_48 .concat [ 1 1 1 1], L_00000160f5db64f0, L_00000160f5db64f0, L_00000160f5db64f0, L_00000160f5db64f0;
LS_00000160f5dc27d0_0_52 .concat [ 1 1 1 1], L_00000160f5db64f0, L_00000160f5db64f0, L_00000160f5db64f0, L_00000160f5db64f0;
LS_00000160f5dc27d0_0_56 .concat [ 1 1 1 1], L_00000160f5db64f0, L_00000160f5db64f0, L_00000160f5db64f0, L_00000160f5db64f0;
LS_00000160f5dc27d0_0_60 .concat [ 1 1 1 1], L_00000160f5db64f0, L_00000160f5db64f0, L_00000160f5db64f0, L_00000160f5db64f0;
LS_00000160f5dc27d0_1_0 .concat [ 4 4 4 4], LS_00000160f5dc27d0_0_0, LS_00000160f5dc27d0_0_4, LS_00000160f5dc27d0_0_8, LS_00000160f5dc27d0_0_12;
LS_00000160f5dc27d0_1_4 .concat [ 4 4 4 4], LS_00000160f5dc27d0_0_16, LS_00000160f5dc27d0_0_20, LS_00000160f5dc27d0_0_24, LS_00000160f5dc27d0_0_28;
LS_00000160f5dc27d0_1_8 .concat [ 4 4 4 4], LS_00000160f5dc27d0_0_32, LS_00000160f5dc27d0_0_36, LS_00000160f5dc27d0_0_40, LS_00000160f5dc27d0_0_44;
LS_00000160f5dc27d0_1_12 .concat [ 4 4 4 4], LS_00000160f5dc27d0_0_48, LS_00000160f5dc27d0_0_52, LS_00000160f5dc27d0_0_56, LS_00000160f5dc27d0_0_60;
L_00000160f5dc27d0 .concat [ 16 16 16 16], LS_00000160f5dc27d0_1_0, LS_00000160f5dc27d0_1_4, LS_00000160f5dc27d0_1_8, LS_00000160f5dc27d0_1_12;
LS_00000160f5dc2f50_0_0 .concat [ 1 1 1 1], v00000160f5d92f60_0, v00000160f5d92f60_0, v00000160f5d92f60_0, v00000160f5d92f60_0;
LS_00000160f5dc2f50_0_4 .concat [ 1 1 1 1], v00000160f5d92f60_0, v00000160f5d92f60_0, v00000160f5d92f60_0, v00000160f5d92f60_0;
LS_00000160f5dc2f50_0_8 .concat [ 1 1 1 1], v00000160f5d92f60_0, v00000160f5d92f60_0, v00000160f5d92f60_0, v00000160f5d92f60_0;
LS_00000160f5dc2f50_0_12 .concat [ 1 1 1 1], v00000160f5d92f60_0, v00000160f5d92f60_0, v00000160f5d92f60_0, v00000160f5d92f60_0;
LS_00000160f5dc2f50_0_16 .concat [ 1 1 1 1], v00000160f5d92f60_0, v00000160f5d92f60_0, v00000160f5d92f60_0, v00000160f5d92f60_0;
LS_00000160f5dc2f50_0_20 .concat [ 1 1 1 1], v00000160f5d92f60_0, v00000160f5d92f60_0, v00000160f5d92f60_0, v00000160f5d92f60_0;
LS_00000160f5dc2f50_0_24 .concat [ 1 1 1 1], v00000160f5d92f60_0, v00000160f5d92f60_0, v00000160f5d92f60_0, v00000160f5d92f60_0;
LS_00000160f5dc2f50_0_28 .concat [ 1 1 1 1], v00000160f5d92f60_0, v00000160f5d92f60_0, v00000160f5d92f60_0, v00000160f5d92f60_0;
LS_00000160f5dc2f50_0_32 .concat [ 1 1 1 1], v00000160f5d92f60_0, v00000160f5d92f60_0, v00000160f5d92f60_0, v00000160f5d92f60_0;
LS_00000160f5dc2f50_0_36 .concat [ 1 1 1 1], v00000160f5d92f60_0, v00000160f5d92f60_0, v00000160f5d92f60_0, v00000160f5d92f60_0;
LS_00000160f5dc2f50_0_40 .concat [ 1 1 1 1], v00000160f5d92f60_0, v00000160f5d92f60_0, v00000160f5d92f60_0, v00000160f5d92f60_0;
LS_00000160f5dc2f50_0_44 .concat [ 1 1 1 1], v00000160f5d92f60_0, v00000160f5d92f60_0, v00000160f5d92f60_0, v00000160f5d92f60_0;
LS_00000160f5dc2f50_0_48 .concat [ 1 1 1 1], v00000160f5d92f60_0, v00000160f5d92f60_0, v00000160f5d92f60_0, v00000160f5d92f60_0;
LS_00000160f5dc2f50_0_52 .concat [ 1 1 1 1], v00000160f5d92f60_0, v00000160f5d92f60_0, v00000160f5d92f60_0, v00000160f5d92f60_0;
LS_00000160f5dc2f50_0_56 .concat [ 1 1 1 1], v00000160f5d92f60_0, v00000160f5d92f60_0, v00000160f5d92f60_0, v00000160f5d92f60_0;
LS_00000160f5dc2f50_0_60 .concat [ 1 1 1 1], v00000160f5d92f60_0, v00000160f5d92f60_0, v00000160f5d92f60_0, v00000160f5d92f60_0;
LS_00000160f5dc2f50_1_0 .concat [ 4 4 4 4], LS_00000160f5dc2f50_0_0, LS_00000160f5dc2f50_0_4, LS_00000160f5dc2f50_0_8, LS_00000160f5dc2f50_0_12;
LS_00000160f5dc2f50_1_4 .concat [ 4 4 4 4], LS_00000160f5dc2f50_0_16, LS_00000160f5dc2f50_0_20, LS_00000160f5dc2f50_0_24, LS_00000160f5dc2f50_0_28;
LS_00000160f5dc2f50_1_8 .concat [ 4 4 4 4], LS_00000160f5dc2f50_0_32, LS_00000160f5dc2f50_0_36, LS_00000160f5dc2f50_0_40, LS_00000160f5dc2f50_0_44;
LS_00000160f5dc2f50_1_12 .concat [ 4 4 4 4], LS_00000160f5dc2f50_0_48, LS_00000160f5dc2f50_0_52, LS_00000160f5dc2f50_0_56, LS_00000160f5dc2f50_0_60;
L_00000160f5dc2f50 .concat [ 16 16 16 16], LS_00000160f5dc2f50_1_0, LS_00000160f5dc2f50_1_4, LS_00000160f5dc2f50_1_8, LS_00000160f5dc2f50_1_12;
    .scope S_00000160f5db6d50;
T_0 ;
    %vpi_call 2 8 "$dumpfile", "dump.vcd" {0 0 0};
    %vpi_call 2 9 "$dumpvars", 32'sb00000000000000000000000000000000, S_00000160f5db6d50 {0 0 0};
    %pushi/vec4 4294967295, 0, 32;
    %concati/vec4 4294967295, 0, 32;
    %store/vec4 v00000160f5d93000_0, 0, 64;
    %pushi/vec4 0, 0, 64;
    %store/vec4 v00000160f5dc2230_0, 0, 64;
    %delay 30, 0;
    %pushi/vec4 0, 0, 1;
    %store/vec4 v00000160f5d92f60_0, 0, 1;
    %delay 5, 0;
    %vpi_call 2 17 "$display", "x=%h,y=%h,s=%b\012correct_answer=0xffffffffffffffff\012simulated_answer=0x%h\012", v00000160f5d93000_0, v00000160f5dc2230_0, v00000160f5d92f60_0, v00000160f5d92ec0_0 {0 0 0};
    %delay 1, 0;
    %load/vec4 v00000160f5d92ec0_0;
    %pushi/vec4 4294967295, 0, 32;
    %concati/vec4 4294967295, 0, 32;
    %cmp/ne;
    %jmp/0xz  T_0.0, 4;
    %vpi_call 2 20 "$display", "simulated answer is wrong!" {0 0 0};
T_0.0 ;
    %delay 30, 0;
    %pushi/vec4 1, 0, 1;
    %store/vec4 v00000160f5d92f60_0, 0, 1;
    %delay 5, 0;
    %vpi_call 2 25 "$display", "x=%h,y=%h,s=%b\012correct_answer=0x0000000000000000\012simulated_answer=0x%h\012", v00000160f5d93000_0, v00000160f5dc2230_0, v00000160f5d92f60_0, v00000160f5d92ec0_0 {0 0 0};
    %delay 1, 0;
    %load/vec4 v00000160f5d92ec0_0;
    %cmpi/ne 0, 0, 64;
    %jmp/0xz  T_0.2, 4;
    %vpi_call 2 28 "$display", "simulated answer is wrong!" {0 0 0};
T_0.2 ;
    %end;
    .thread T_0;
# The file index is used to find the file name in the following table.
:file_names 4;
    "N/A";
    "<interactive>";
    "multiplexer_testbench.v";
    "multiplexer.v";
